# JRE version: Java(TM) SE Runtime Environment (25.0.2+10) (build 25.0.2+10-LTS-69)
# Java VM: Java HotSpot(TM) 64-Bit Server VM (25.0.2+10-LTS-69, mixed mode, tiered, compressed oops, compressed class ptrs, g1 gc, windows-amd64)
GC Precious Log:
 CardTable entry size: 512
 Card Set container configuration: InlinePtr #cards 5 size 8 Array Of Cards #cards 10 size 36 Howl #buckets 4 coarsen threshold 1843 Howl Bitmap #cards 512 size 80 coarsen threshold 460 Card regions per heap region 1 cards per card region 2048
 CPUs: 12 total, 12 available
 Memory: 7895M
 Large Page Support: Disabled
 NUMA Support: Disabled
 Compressed Oops: Enabled (32-bit)
 Heap Region Size: 1M
 Heap Min Capacity: 8M
 Heap Initial Capacity: 124M
 Heap Max Capacity: 1974M
 Pre-touch: Disabled
 Parallel Workers: 10
 Concurrent Workers: 3
 Concurrent Refinement Workers: 10
 Periodic GC: Disabled
Heap:
 garbage-first heap   total reserved 2021376K, committed 77824K, used 18782K [0x0000000084a00000, 0x0000000100000000)
  region size 1024K, 2 young (2048K), 1 survivors (1024K)
GC Heap Usage History (20 events):
Event: 6.042 {heap Before GC invocations=0 (full 0):
 garbage-first heap   total reserved 2021376K, committed 126976K, used 48128K [0x0000000084a00000, 0x0000000100000000)
  region size 1024K, 47 young (48128K), 0 survivors (0K)
}
Event: 6.052 {heap After GC invocations=1 (full 0):
 garbage-first heap   total reserved 2021376K, committed 126976K, used 5120K [0x0000000084a00000, 0x0000000100000000)
  region size 1024K, 5 young (5120K), 5 survivors (5120K)
}
Event: 6.271 {heap Before GC invocations=1 (full 0):
 garbage-first heap   total reserved 2021376K, committed 126976K, used 17408K [0x0000000084a00000, 0x0000000100000000)
  region size 1024K, 18 young (18432K), 5 survivors (5120K)
}
Event: 6.277 {heap After GC invocations=2 (full 0):
 garbage-first heap   total reserved 2021376K, committed 126976K, used 6927K [0x0000000084a00000, 0x0000000100000000)
  region size 1024K, 2 young (2048K), 2 survivors (2048K)
}
Event: 6.559 {heap Before GC invocations=3 (full 0):
 garbage-first heap   total reserved 2021376K, committed 24576K, used 24335K [0x0000000084a00000, 0x0000000100000000)
  region size 1024K, 19 young (19456K), 2 survivors (2048K)
}
Event: 6.562 {heap After GC invocations=4 (full 0):
 garbage-first heap   total reserved 2021376K, committed 27648K, used 8071K [0x0000000084a00000, 0x0000000100000000)
  region size 1024K, 3 young (3072K), 3 survivors (3072K)
}
Event: 6.743 {heap Before GC invocations=4 (full 0):
 garbage-first heap   total reserved 2021376K, committed 27648K, used 19335K [0x0000000084a00000, 0x0000000100000000)
  region size 1024K, 14 young (14336K), 3 survivors (3072K)
}
Event: 6.746 {heap After GC invocations=5 (full 0):
 garbage-first heap   total reserved 2021376K, committed 27648K, used 9348K [0x0000000084a00000, 0x0000000100000000)
  region size 1024K, 2 young (2048K), 2 survivors (2048K)
}
Event: 6.909 {heap Before GC invocations=5 (full 0):
 garbage-first heap   total reserved 2021376K, committed 27648K, used 19588K [0x0000000084a00000, 0x0000000100000000)
  region size 1024K, 13 young (13312K), 2 survivors (2048K)
}
Event: 6.912 {heap After GC invocations=6 (full 0):
 garbage-first heap   total reserved 2021376K, committed 27648K, used 11143K [0x0000000084a00000, 0x0000000100000000)
  region size 1024K, 2 young (2048K), 2 survivors (2048K)
}
Event: 7.433 {heap Before GC invocations=6 (full 0):
 garbage-first heap   total reserved 2021376K, committed 27648K, used 20359K [0x0000000084a00000, 0x0000000100000000)
  region size 1024K, 12 young (12288K), 2 survivors (2048K)
}
Event: 7.436 {heap After GC invocations=7 (full 0):
 garbage-first heap   total reserved 2021376K, committed 27648K, used 13098K [0x0000000084a00000, 0x0000000100000000)
  region size 1024K, 2 young (2048K), 2 survivors (2048K)
}
Event: 8.050 {heap Before GC invocations=7 (full 0):
 garbage-first heap   total reserved 2021376K, committed 27648K, used 22314K [0x0000000084a00000, 0x0000000100000000)
  region size 1024K, 11 young (11264K), 2 survivors (2048K)
}
Event: 8.056 {heap After GC invocations=8 (full 0):
 garbage-first heap   total reserved 2021376K, committed 27648K, used 14124K [0x0000000084a00000, 0x0000000100000000)
  region size 1024K, 1 young (1024K), 1 survivors (1024K)
}
Event: 8.187 {heap Before GC invocations=8 (full 0):
 garbage-first heap   total reserved 2021376K, committed 27648K, used 22316K [0x0000000084a00000, 0x0000000100000000)
  region size 1024K, 9 young (9216K), 1 survivors (1024K)
}
Event: 8.189 {heap After GC invocations=9 (full 0):
 garbage-first heap   total reserved 2021376K, committed 27648K, used 14354K [0x0000000084a00000, 0x0000000100000000)
  region size 1024K, 1 young (1024K), 1 survivors (1024K)
}
Event: 8.300 {heap Before GC invocations=10 (full 0):
 garbage-first heap   total reserved 2021376K, committed 27648K, used 22546K [0x0000000084a00000, 0x0000000100000000)
  region size 1024K, 9 young (9216K), 1 survivors (1024K)
}
Event: 8.301 {heap After GC invocations=11 (full 0):
 garbage-first heap   total reserved 2021376K, committed 27648K, used 14957K [0x0000000084a00000, 0x0000000100000000)
  region size 1024K, 2 young (2048K), 2 survivors (2048K)
}
Event: 8.442 {heap Before GC invocations=11 (full 0):
 garbage-first heap   total reserved 2021376K, committed 27648K, used 23149K [0x0000000084a00000, 0x0000000100000000)
  region size 1024K, 10 young (10240K), 2 survivors (2048K)
}
Event: 9.445 {heap After GC invocations=12 (full 0):
 garbage-first heap   total reserved 2021376K, committed 77824K, used 15283K [0x0000000084a00000, 0x0000000100000000)
  region size 1024K, 2 young (2048K), 2 survivors (2048K)
}

